
Session Start: Fri Aug 29 15:26:40 2014
Session Ident: #ArcadeGame
* Now talking in #ArcadeGame
* services.acalltoduty.com sets mode: -o MrGoo
* services.acalltoduty.com sets mode: +o MrGoo
* ChanServ changes topic to 'Arcadia Station OOC - Open Monday 10PM ET 7PM PT - Update our Wiki at http://wiki.arcadiastation.com/ (NickMoline)'
* ChanServ sets mode: +ntr-o MrGoo
* MrGoo is now known as CO_Capt_Bodine
* CO_Capt_Bodine is now known as TO_GonnaDie
* Disconnected
Session Close: Fri Aug 29 15:35:27 2014

Session Start: Fri Aug 29 15:53:00 2014
Session Ident: #ArcadeGame
* Now talking in #ArcadeGame
* services.acalltoduty.com sets mode: -o TO_GonnaDie
* services.acalltoduty.com sets mode: +o TO_GonnaDie
* ChanServ changes topic to 'Arcadia Station OOC - Open Monday 10PM ET 7PM PT - Update our Wiki at http://wiki.arcadiastation.com/ (NickMoline)'
* ChanServ sets mode: +ntr-o TO_GonnaDie
* Disconnected
Session Close: Fri Aug 29 16:07:44 2014
